<?xml version="1.0" encoding="UTF-8"?>
<!-- Generated by org.testng.reporters.JUnitReportReporter -->
<testsuite hostname="DhirajShukla" failures="0" tests="1" name="testScenario.scenarios" time="13.394" errors="0" timestamp="2024-02-09T12:36:20 IST" skipped="0">
  <testcase classname="testScenario.scenarios" name="verifyTest" time="13.394"/>
</testsuite> <!-- testScenario.scenarios -->
